<?xml version="1.0" encoding="UTF-8"?>
<testng-results ignored="0" total="1" passed="1" failed="0" skipped="0">
  <reporter-output>
  </reporter-output>
  <suite started-at="2025-04-30T01:03:22 IST" name="Suite" finished-at="2025-04-30T01:03:32 IST" duration-ms="9991">
    <groups>
    </groups>
    <test started-at="2025-04-30T01:03:22 IST" name="Test" finished-at="2025-04-30T01:03:32 IST" duration-ms="9991">
      <class name="demo.NewTest">
        <test-method signature="openURl()[pri:0, instance:demo.NewTest@52e6fdee]" started-at="2025-04-30T01:03:22 IST" name="openURl" finished-at="2025-04-30T01:03:32 IST" duration-ms="9901" status="PASS">
          <reporter-output>
          </reporter-output>
        </test-method> <!-- openURl -->
      </class> <!-- demo.NewTest -->
    </test> <!-- Test -->
  </suite> <!-- Suite -->
</testng-results>
