<?xml version="1.0" encoding="UTF-8"?>
<testng-results ignored="0" total="1" passed="1" failed="0" skipped="0">
  <reporter-output>
  </reporter-output>
  <suite started-at="2025-04-30T14:55:16 IST" name="Suite" finished-at="2025-04-30T14:55:29 IST" duration-ms="12978">
    <groups>
    </groups>
    <test started-at="2025-04-30T14:55:16 IST" name="Test" finished-at="2025-04-30T14:55:29 IST" duration-ms="12978">
      <class name="demo.NewTest">
        <test-method signature="openURl(java.lang.String)[pri:0, instance:demo.NewTest@7fa98a66]" started-at="2025-04-30T14:55:16 IST" name="openURl" finished-at="2025-04-30T14:55:29 IST" duration-ms="12910" status="PASS">
          <params>
            <param index="0">
              <value>
                <![CDATA[Chrome]]>
              </value>
            </param>
          </params>
          <reporter-output>
          </reporter-output>
        </test-method> <!-- openURl -->
      </class> <!-- demo.NewTest -->
    </test> <!-- Test -->
  </suite> <!-- Suite -->
</testng-results>
