<?xml version="1.0" encoding="UTF-8"?>
<testng-results ignored="0" total="1" passed="1" failed="0" skipped="0">
  <reporter-output>
  </reporter-output>
  <suite started-at="2025-04-29T21:17:04 IST" name="Suite" finished-at="2025-04-29T21:17:10 IST" duration-ms="6286">
    <groups>
    </groups>
    <test started-at="2025-04-29T21:17:04 IST" name="Test" finished-at="2025-04-29T21:17:10 IST" duration-ms="6286">
      <class name="demo.NewTest">
        <test-method signature="openURl()[pri:0, instance:demo.NewTest@1bb5a082]" started-at="2025-04-29T21:17:04 IST" name="openURl" finished-at="2025-04-29T21:17:10 IST" duration-ms="6210" status="PASS">
          <reporter-output>
          </reporter-output>
        </test-method> <!-- openURl -->
      </class> <!-- demo.NewTest -->
    </test> <!-- Test -->
  </suite> <!-- Suite -->
</testng-results>
